# JRE version: Java(TM) SE Runtime Environment (8.0_73-b02) (build 1.8.0_73-b02)
# Java VM: Java HotSpot(TM) Server VM (25.73-b02 mixed mode linux-x86 )
Heap:
 PSYoungGen      total 99584K, used 1984K [0x9c800000, 0xa2f00000, 0xa7000000)
  eden space 94208K, 0% used [0x9c800000,0x9c800000,0xa2400000)
  from space 5376K, 36% used [0xa2400000,0xa25f02f0,0xa2940000)
  to   space 4352K, 0% used [0xa2940000,0xa2940000,0xa2d80000)
 ParOldGen       total 32768K, used 11174K [0x87800000, 0x89800000, 0x9c800000)
  object space 32768K, 34% used [0x87800000,0x882e9900,0x89800000)
 Metaspace       used 18674K, capacity 18902K, committed 19096K, reserved 19760K
GC Heap History (10 events):
Event: 71.744 GC heap after
Heap after GC invocations=13 (full 1):
 PSYoungGen      total 43520K, used 32K [0x9c800000, 0x9f780000, 0xa7000000)
  eden space 39424K, 0% used [0x9c800000,0x9c800000,0x9ee80000)
  from space 4096K, 0% used [0x9f2c0000,0x9f2c8000,0x9f6c0000)
  to   space 4352K, 0% used [0x9ee80000,0x9ee80000,0x9f2c0000)
 ParOldGen       total 32768K, used 8759K [0x87800000, 0x89800000, 0x9c800000)
  object space 32768K, 26% used [0x87800000,0x8808dd88,0x89800000)
 Metaspace       used 15052K, capacity 15234K, committed 15384K, reserved 15664K
}
Event: 72.097 GC heap before
{Heap before GC invocations=14 (full 1):
 PSYoungGen      total 43520K, used 39456K [0x9c800000, 0x9f780000, 0xa7000000)
  eden space 39424K, 100% used [0x9c800000,0x9ee80000,0x9ee80000)
  from space 4096K, 0% used [0x9f2c0000,0x9f2c8000,0x9f6c0000)
  to   space 4352K, 0% used [0x9ee80000,0x9ee80000,0x9f2c0000)
 ParOldGen       total 32768K, used 8759K [0x87800000, 0x89800000, 0x9c800000)
  object space 32768K, 26% used [0x87800000,0x8808dd88,0x89800000)
 Metaspace       used 15052K, capacity 15234K, committed 15384K, reserved 15664K
Event: 72.099 GC heap after
Heap after GC invocations=14 (full 1):
 PSYoungGen      total 43776K, used 16K [0x9c800000, 0xa0b80000, 0xa7000000)
  eden space 39424K, 0% used [0x9c800000,0x9c800000,0x9ee80000)
  from space 4352K, 0% used [0x9ee80000,0x9ee84000,0x9f2c0000)
  to   space 4352K, 0% used [0xa0740000,0xa0740000,0xa0b80000)
 ParOldGen       total 32768K, used 8763K [0x87800000, 0x89800000, 0x9c800000)
  object space 32768K, 26% used [0x87800000,0x8808ed88,0x89800000)
 Metaspace       used 15052K, capacity 15234K, committed 15384K, reserved 15664K
}
Event: 72.317 GC heap before
{Heap before GC invocations=15 (full 1):
 PSYoungGen      total 43776K, used 39440K [0x9c800000, 0xa0b80000, 0xa7000000)
  eden space 39424K, 100% used [0x9c800000,0x9ee80000,0x9ee80000)
  from space 4352K, 0% used [0x9ee80000,0x9ee84000,0x9f2c0000)
  to   space 4352K, 0% used [0xa0740000,0xa0740000,0xa0b80000)
 ParOldGen       total 32768K, used 8763K [0x87800000, 0x89800000, 0x9c800000)
  object space 32768K, 26% used [0x87800000,0x8808ed88,0x89800000)
 Metaspace       used 15052K, capacity 15234K, committed 15384K, reserved 15664K
Event: 72.428 GC heap after
Heap after GC invocations=15 (full 1):
 PSYoungGen      total 64768K, used 16K [0x9c800000, 0xa0d80000, 0xa7000000)
  eden space 60416K, 0% used [0x9c800000,0x9c800000,0xa0300000)
  from space 4352K, 0% used [0xa0740000,0xa0744000,0xa0b80000)
  to   space 4352K, 0% used [0xa0300000,0xa0300000,0xa0740000)
 ParOldGen       total 32768K, used 8763K [0x87800000, 0x89800000, 0x9c800000)
  object space 32768K, 26% used [0x87800000,0x8808ed88,0x89800000)
 Metaspace       used 15052K, capacity 15234K, committed 15384K, reserved 15664K
}
Event: 73.014 GC heap before
{Heap before GC invocations=16 (full 1):
 PSYoungGen      total 64768K, used 60432K [0x9c800000, 0xa0d80000, 0xa7000000)
  eden space 60416K, 100% used [0x9c800000,0xa0300000,0xa0300000)
  from space 4352K, 0% used [0xa0740000,0xa0744000,0xa0b80000)
  to   space 4352K, 0% used [0xa0300000,0xa0300000,0xa0740000)
 ParOldGen       total 32768K, used 8763K [0x87800000, 0x89800000, 0x9c800000)
  object space 32768K, 26% used [0x87800000,0x8808ed88,0x89800000)
 Metaspace       used 15052K, capacity 15234K, committed 15384K, reserved 15664K
Event: 73.019 GC heap after
Heap after GC invocations=16 (full 1):
 PSYoungGen      total 64768K, used 16K [0x9c800000, 0xa2d80000, 0xa7000000)
  eden space 60416K, 0% used [0x9c800000,0x9c800000,0xa0300000)
  from space 4352K, 0% used [0xa0300000,0xa0304000,0xa0740000)
  to   space 4352K, 0% used [0xa2940000,0xa2940000,0xa2d80000)
 ParOldGen       total 32768K, used 8763K [0x87800000, 0x89800000, 0x9c800000)
  object space 32768K, 26% used [0x87800000,0x8808ed88,0x89800000)
 Metaspace       used 15052K, capacity 15234K, committed 15384K, reserved 15664K
}
Event: 83.377 GC heap before
{Heap before GC invocations=17 (full 1):
 PSYoungGen      total 64768K, used 60432K [0x9c800000, 0xa2d80000, 0xa7000000)
  eden space 60416K, 100% used [0x9c800000,0xa0300000,0xa0300000)
  from space 4352K, 0% used [0xa0300000,0xa0304000,0xa0740000)
  to   space 4352K, 0% used [0xa2940000,0xa2940000,0xa2d80000)
 ParOldGen       total 32768K, used 8763K [0x87800000, 0x89800000, 0x9c800000)
  object space 32768K, 26% used [0x87800000,0x8808ed88,0x89800000)
 Metaspace       used 17775K, capacity 17986K, committed 18072K, reserved 18736K
Event: 83.441 GC heap after
Heap after GC invocations=17 (full 1):
 PSYoungGen      total 98560K, used 4337K [0x9c800000, 0xa2f00000, 0xa7000000)
  eden space 94208K, 0% used [0x9c800000,0x9c800000,0xa2400000)
  from space 4352K, 99% used [0xa2940000,0xa2d7c6f8,0xa2d80000)
  to   space 5376K, 0% used [0xa2400000,0xa2400000,0xa2940000)
 ParOldGen       total 32768K, used 9009K [0x87800000, 0x89800000, 0x9c800000)
  object space 32768K, 27% used [0x87800000,0x880cc5c8,0x89800000)
 Metaspace       used 17775K, capacity 17986K, committed 18072K, reserved 18736K
}
Event: 88.047 GC heap before
{Heap before GC invocations=18 (full 1):
 PSYoungGen      total 98560K, used 98545K [0x9c800000, 0xa2f00000, 0xa7000000)
  eden space 94208K, 100% used [0x9c800000,0xa2400000,0xa2400000)
  from space 4352K, 99% used [0xa2940000,0xa2d7c6f8,0xa2d80000)
  to   space 5376K, 0% used [0xa2400000,0xa2400000,0xa2940000)
 ParOldGen       total 32768K, used 9009K [0x87800000, 0x89800000, 0x9c800000)
  object space 32768K, 27% used [0x87800000,0x880cc5c8,0x89800000)
 Metaspace       used 18674K, capacity 18902K, committed 19096K, reserved 19760K

